[2025-10-22 12:21:41] EMAIL
To: maria@test.com
Subject: Nuevo mensaje de juan
Content: juan te ha enviado un mensaje: probando las notificaciones en segundo plano
--------------------------------------------------

********************************************************************************
📧 EMAIL NOTIFICATION
********************************************************************************
Timestamp: 2025-10-22 12:28:27
To: maria@test.com
Subject: Nuevo mensaje de juan
Content:
  juan te ha enviado un mensaje: probando las notificaciones en segundo plano segunda vez
Status: ✅ Email enviado (simulado)
********************************************************************************


********************************************************************************
📧 EMAIL NOTIFICATION
********************************************************************************
Timestamp: 2025-11-06 11:20:09
To: maria@test.com
Subject: Nuevo mensaje de juan
Content:
  juan te ha enviado un mensaje: holaa
Status: ✅ Email enviado (simulado)
********************************************************************************


********************************************************************************
📧 EMAIL NOTIFICATION
********************************************************************************
Timestamp: 2025-11-06 11:20:45
To: juan@test.com
Subject: Nuevo mensaje de maria
Content:
  maria te ha enviado un mensaje: buenas
Status: ✅ Email enviado (simulado)
********************************************************************************


********************************************************************************
📧 EMAIL NOTIFICATION
********************************************************************************
Timestamp: 2025-11-06 11:20:56
To: juan@test.com
Subject: Nuevo mensaje de maria
Content:
  maria te ha enviado un mensaje: hola que tal
Status: ✅ Email enviado (simulado)
********************************************************************************


********************************************************************************
📧 EMAIL NOTIFICATION
********************************************************************************
Timestamp: 2025-11-13 10:38:15
To: juan@test.com
Subject: Nuevo mensaje de javimont
Content:
  javimont te ha enviado un mensaje: hola buenas tardes
Status: ✅ Email enviado (simulado)
********************************************************************************


********************************************************************************
📧 EMAIL NOTIFICATION
********************************************************************************
Timestamp: 2025-11-13 10:55:11
To: juan@test.com
Subject: Nuevo mensaje de toto
Content:
  toto te ha enviado un mensaje: holaa
Status: ✅ Email enviado (simulado)
********************************************************************************


********************************************************************************
📧 EMAIL NOTIFICATION
********************************************************************************
Timestamp: 2025-11-13 11:04:09
To: juan@test.com
Subject: Nuevo mensaje de toto
Content:
  toto te ha enviado un mensaje: hola
Status: ✅ Email enviado (simulado)
********************************************************************************


********************************************************************************
📧 EMAIL NOTIFICATION
********************************************************************************
Timestamp: 2025-11-13 11:05:05
To: juan@test.com
Subject: Nuevo mensaje de toto
Content:
  toto te ha enviado un mensaje: hola
Status: ✅ Email enviado (simulado)
********************************************************************************


********************************************************************************
📧 EMAIL NOTIFICATION
********************************************************************************
Timestamp: 2025-11-13 11:12:23
To: javi@test.com
Subject: Nuevo mensaje de juan
Content:
  juan te ha enviado un mensaje: hola
Status: ✅ Email enviado (simulado)
********************************************************************************


********************************************************************************
📧 EMAIL NOTIFICATION
********************************************************************************
Timestamp: 2025-11-13 11:37:56
To: beto@test.com
Subject: Nuevo mensaje de juan
Content:
  juan te ha enviado un mensaje: hola
Status: ✅ Email enviado (simulado)
********************************************************************************


********************************************************************************
📧 EMAIL NOTIFICATION
********************************************************************************
Timestamp: 2025-11-13 11:38:04
To: beto@test.com
Subject: Nuevo mensaje de juan
Content:
  juan te ha enviado un mensaje: asdfadsf
Status: ✅ Email enviado (simulado)
********************************************************************************


********************************************************************************
📧 EMAIL NOTIFICATION
********************************************************************************
Timestamp: 2025-11-13 11:38:16
To: maria@test.com
Subject: Nuevo mensaje de juan
Content:
  juan te ha enviado un mensaje: no funciona nada estoy re enojado
Status: ✅ Email enviado (simulado)
********************************************************************************


********************************************************************************
📧 EMAIL NOTIFICATION
********************************************************************************
Timestamp: 2025-11-13 11:38:24
To: javi@test.com
Subject: Nuevo mensaje de juan
Content:
  juan te ha enviado un mensaje: ñ
Status: ✅ Email enviado (simulado)
********************************************************************************


********************************************************************************
📧 EMAIL NOTIFICATION
********************************************************************************
Timestamp: 2025-11-13 11:38:37
To: maria@test.com
Subject: Nuevo mensaje de juan
Content:
  juan te ha enviado un mensaje: ahora si vamoss
Status: ✅ Email enviado (simulado)
********************************************************************************


********************************************************************************
📧 EMAIL NOTIFICATION
********************************************************************************
Timestamp: 2025-11-13 11:39:00
To: juan@test.com
Subject: Nuevo mensaje de toto
Content:
  toto te ha enviado un mensaje: que queres
Status: ✅ Email enviado (simulado)
********************************************************************************


********************************************************************************
📧 EMAIL NOTIFICATION
********************************************************************************
Timestamp: 2025-11-13 11:39:35
To: javi@test.com
Subject: Nuevo mensaje de juan
Content:
  juan te ha enviado un mensaje: que
Status: ✅ Email enviado (simulado)
********************************************************************************


********************************************************************************
📧 EMAIL NOTIFICATION
********************************************************************************
Timestamp: 2025-11-13 12:01:25
To: beto@test.com
Subject: Nuevo mensaje de juan
Content:
  juan te ha enviado un mensaje: nada, que te pasa hdp
Status: ✅ Email enviado (simulado)
********************************************************************************


********************************************************************************
📧 EMAIL NOTIFICATION
********************************************************************************
Timestamp: 2025-11-13 13:19:57
To: javi@test.com
Subject: Nuevo mensaje de juan
Content:
  juan te ha enviado un mensaje: quiero el auto kp
Status: ✅ Email enviado (simulado)
********************************************************************************


********************************************************************************
📧 EMAIL NOTIFICATION
********************************************************************************
Timestamp: 2025-11-13 23:10:34
To: maria@test.com
Subject: Nuevo mensaje de juan
Content:
  juan te ha enviado un mensaje: mandando mensaje desde firefox en juan hasta brave en maria
Status: ✅ Email enviado (simulado)
********************************************************************************


********************************************************************************
📧 EMAIL NOTIFICATION
********************************************************************************
Timestamp: 2025-11-13 23:11:14
To: juan@test.com
Subject: Nuevo mensaje de maria
Content:
  maria te ha enviado un mensaje: mandando mensaje desde brave en maria hasta firefox en juan
Status: ✅ Email enviado (simulado)
********************************************************************************


********************************************************************************
📧 EMAIL NOTIFICATION
********************************************************************************
Timestamp: 2025-11-13 23:11:21
To: maria@test.com
Subject: Nuevo mensaje de juan
Content:
  juan te ha enviado un mensaje: lalalala
Status: ✅ Email enviado (simulado)
********************************************************************************

