[2025-10-22 12:21:41] NOTIFICATION: 'juan' → 'maria' | Conversation: 1 | Preview: probando las notificaciones en segundo plano
================================================================================
[2025-10-22 12:28:27] 🔔 NUEVA NOTIFICACIÓN
================================================================================
Tipo: MENSAJE_NUEVO
De: juan
Para: maria
Conversación ID: 1
Preview: probando las notificaciones en segundo plano segun...
Estado: ✅ Notificación procesada
================================================================================

================================================================================
[2025-11-06 11:20:09] 🔔 NUEVA NOTIFICACIÓN
================================================================================
Tipo: MENSAJE_NUEVO
De: juan
Para: maria
Conversación ID: 1
Preview: holaa
Estado: ✅ Notificación procesada
================================================================================

================================================================================
[2025-11-06 11:20:45] 🔔 NUEVA NOTIFICACIÓN
================================================================================
Tipo: MENSAJE_NUEVO
De: maria
Para: juan
Conversación ID: 1
Preview: buenas
Estado: ✅ Notificación procesada
================================================================================

================================================================================
[2025-11-06 11:20:56] 🔔 NUEVA NOTIFICACIÓN
================================================================================
Tipo: MENSAJE_NUEVO
De: maria
Para: juan
Conversación ID: 1
Preview: hola que tal
Estado: ✅ Notificación procesada
================================================================================

================================================================================
[2025-11-13 10:38:15] 🔔 NUEVA NOTIFICACIÓN
================================================================================
Tipo: MENSAJE_NUEVO
De: javimont
Para: juan
Conversación ID: 2
Preview: hola buenas tardes
Estado: ✅ Notificación procesada
================================================================================

================================================================================
[2025-11-13 10:55:11] 🔔 NUEVA NOTIFICACIÓN
================================================================================
Tipo: MENSAJE_NUEVO
De: toto
Para: juan
Conversación ID: 3
Preview: holaa
Estado: ✅ Notificación procesada
================================================================================

================================================================================
[2025-11-13 11:04:09] 🔔 NUEVA NOTIFICACIÓN
================================================================================
Tipo: MENSAJE_NUEVO
De: toto
Para: juan
Conversación ID: 3
Preview: hola
Estado: ✅ Notificación procesada
================================================================================

================================================================================
[2025-11-13 11:05:05] 🔔 NUEVA NOTIFICACIÓN
================================================================================
Tipo: MENSAJE_NUEVO
De: toto
Para: juan
Conversación ID: 3
Preview: hola
Estado: ✅ Notificación procesada
================================================================================

================================================================================
[2025-11-13 11:12:23] 🔔 NUEVA NOTIFICACIÓN
================================================================================
Tipo: MENSAJE_NUEVO
De: juan
Para: javimont
Conversación ID: 2
Preview: hola
Estado: ✅ Notificación procesada
================================================================================

================================================================================
[2025-11-13 11:37:56] 🔔 NUEVA NOTIFICACIÓN
================================================================================
Tipo: MENSAJE_NUEVO
De: juan
Para: toto
Conversación ID: 3
Preview: hola
Estado: ✅ Notificación procesada
================================================================================

================================================================================
[2025-11-13 11:38:04] 🔔 NUEVA NOTIFICACIÓN
================================================================================
Tipo: MENSAJE_NUEVO
De: juan
Para: toto
Conversación ID: 3
Preview: asdfadsf
Estado: ✅ Notificación procesada
================================================================================

================================================================================
[2025-11-13 11:38:16] 🔔 NUEVA NOTIFICACIÓN
================================================================================
Tipo: MENSAJE_NUEVO
De: juan
Para: maria
Conversación ID: 1
Preview: no funciona nada estoy re enojado
Estado: ✅ Notificación procesada
================================================================================

================================================================================
[2025-11-13 11:38:24] 🔔 NUEVA NOTIFICACIÓN
================================================================================
Tipo: MENSAJE_NUEVO
De: juan
Para: javimont
Conversación ID: 2
Preview: ñ
Estado: ✅ Notificación procesada
================================================================================

================================================================================
[2025-11-13 11:38:37] 🔔 NUEVA NOTIFICACIÓN
================================================================================
Tipo: MENSAJE_NUEVO
De: juan
Para: maria
Conversación ID: 1
Preview: ahora si vamoss
Estado: ✅ Notificación procesada
================================================================================

================================================================================
[2025-11-13 11:39:00] 🔔 NUEVA NOTIFICACIÓN
================================================================================
Tipo: MENSAJE_NUEVO
De: toto
Para: juan
Conversación ID: 3
Preview: que queres
Estado: ✅ Notificación procesada
================================================================================

================================================================================
[2025-11-13 11:39:35] 🔔 NUEVA NOTIFICACIÓN
================================================================================
Tipo: MENSAJE_NUEVO
De: juan
Para: javimont
Conversación ID: 2
Preview: que
Estado: ✅ Notificación procesada
================================================================================

================================================================================
[2025-11-13 12:01:25] 🔔 NUEVA NOTIFICACIÓN
================================================================================
Tipo: MENSAJE_NUEVO
De: juan
Para: toto
Conversación ID: 3
Preview: nada, que te pasa hdp
Estado: ✅ Notificación procesada
================================================================================

================================================================================
[2025-11-13 13:19:57] 🔔 NUEVA NOTIFICACIÓN
================================================================================
Tipo: MENSAJE_NUEVO
De: juan
Para: javimont
Conversación ID: 2
Preview: quiero el auto kp
Estado: ✅ Notificación procesada
================================================================================

================================================================================
[2025-11-13 23:10:34] 🔔 NUEVA NOTIFICACIÓN
================================================================================
Tipo: MENSAJE_NUEVO
De: juan
Para: maria
Conversación ID: 1
Preview: mandando mensaje desde firefox en juan hasta brave...
Estado: ✅ Notificación procesada
================================================================================

================================================================================
[2025-11-13 23:11:14] 🔔 NUEVA NOTIFICACIÓN
================================================================================
Tipo: MENSAJE_NUEVO
De: maria
Para: juan
Conversación ID: 1
Preview: mandando mensaje desde brave en maria hasta firefo...
Estado: ✅ Notificación procesada
================================================================================

================================================================================
[2025-11-13 23:11:21] 🔔 NUEVA NOTIFICACIÓN
================================================================================
Tipo: MENSAJE_NUEVO
De: juan
Para: maria
Conversación ID: 1
Preview: lalalala
Estado: ✅ Notificación procesada
================================================================================

